[debug] > Exec(early(addDefaultCommands), None, None)
[debug] > Exec(addDefaultCommands, None, None)
[debug] > Exec(early(initialize), None, None)
[debug] > Exec(initialize, None, None)
[debug] > Exec(boot, None, None)
[debug] > Exec(writeSbtVersion, None, None)
[debug] > Exec(reload, None, None)
[debug] > Exec(sbtStashOnFailure, None, None)
[debug] > Exec(onFailure loadFailed, None, None)
[debug] > Exec(loadp, None, None)
[info] welcome to sbt 1.4.6 (Oracle Corporation Java 15.0.1)
[debug] Load.defaultLoad until apply took 304.436ms
[debug]           Load.loadUnit: plugins took 61.0874ms
[debug]           Load.loadUnit: defsScala took 0.3297ms
[debug] [Loading] Scanning directory I:\workspace\scala\varys\varys_framework\project
[debug] [Loading] Found non-root projects 
[debug] [Loading] Done in I:\workspace\scala\varys\varys_framework\project, returning: ()
[debug] deducing auto plugins based on known facts Set(Atom(sbt.plugins.CorePlugin)) and clauses Clauses(List(Clause(Atom(sbt.plugins.JvmPlugin),Set(Atom(sbt.plugins.IvyPlugin))), Clause(Atom(sbt.ScriptedPlugin),Set(Atom(sbt.plugins.JvmPlugin))), Clause(Atom(sbt.plugins.SbtPlugin),Set(Atom(sbt.ScriptedPlugin))), Clause(Atom(sbt.plugins.SemanticdbPlugin),Set(Atom(sbt.plugins.JvmPlugin))), Clause(Atom(sbt.plugins.JUnitXmlReportPlugin),Set(Atom(sbt.plugins.JvmPlugin))), Clause(Atom(sbt.plugins.MiniDependencyTreePlugin),Set(Atom(sbt.plugins.JvmPlugin))), Clause(Atom(sbt.plugins.CorePlugin),Set(Atom(sbt.plugins.IvyPlugin))), Clause(Atom(sbt.plugins.IvyPlugin),Set(Atom(sbt.plugins.JvmPlugin))), Clause(Atom(sbt.plugins.JvmPlugin),Set(Atom(sbt.plugins.SemanticdbPlugin))), Clause(Atom(sbt.plugins.JvmPlugin),Set(Atom(sbt.plugins.JUnitXmlReportPlugin))), Clause(Atom(sbt.plugins.CorePlugin),Set(Atom(sbt.plugins.Giter8TemplatePlugin))), Clause(Atom(sbt.plugins.JvmPlugin),Set(Atom(sbt.plugins.MiniDependencyTreePlugin)))))
[debug]   :: deduced result: Matched(sbt.plugins.CorePlugin,sbt.plugins.Giter8TemplatePlugin,sbt.plugins.IvyPlugin,sbt.plugins.JvmPlugin,sbt.plugins.MiniDependencyTreePlugin,sbt.plugins.JUnitXmlReportPlugin,sbt.plugins.SemanticdbPlugin)
[debug] Plugins.deducer#function took 18.057 ms
[debug]               Load.resolveProject(varys_framework-build) took 38.5267ms
[debug]             Load.loadTransitive: finalizeProject(Project(id varys_framework-build, base: I:\workspace\scala\varys\varys_framework\project, plugins: List(<none>))) took 79.578699ms
[debug] [Loading] Done in I:\workspace\scala\varys\varys_framework\project, returning: (varys_framework-build)
[debug]           Load.loadUnit: loadedProjectsRaw took 92.927499ms
[debug]           Load.loadUnit: cleanEvalClasses took 0.1862ms
[debug]         Load.loadUnit(file:/I:/workspace/scala/varys/varys_framework/project/, ...) took 159.600799ms
[debug]       Load.apply: load took 291.391801ms
[debug]       Load.apply: resolveProjects took 5.010301ms
[debug]       Load.apply: finalTransforms took 44.0748ms
[debug]       Load.apply: config.delegates took 5.550099ms
[debug]       Load.apply: Def.make(settings)... took 2034.0154ms
[debug]       Load.apply: structureIndex took 96.5393ms
[debug]       Load.apply: mkStreams took 1.1064ms
[info] loading project definition from I:\workspace\scala\varys\varys_framework\project
[debug] Running task... Cancel: Signal, check cycles: false, forcegc: true
[debug]     Load.loadUnit: plugins took 3294.4306ms
[debug]     Load.loadUnit: defsScala took 0.004099ms
[debug] [Loading] Scanning directory I:\workspace\scala\varys\varys_framework
[debug]       Load.loadUnit: mkEval took 4.058501ms
[debug] [Loading] Found non-root projects 
[debug] [Loading] Done in I:\workspace\scala\varys\varys_framework, returning: ()
[debug] deducing auto plugins based on known facts Set(Atom(sbt.plugins.CorePlugin)) and clauses Clauses(List(Clause(Atom(sbt.plugins.JvmPlugin),Set(Atom(sbt.plugins.IvyPlugin))), Clause(Atom(sbt.ScriptedPlugin),Set(Atom(sbt.plugins.JvmPlugin))), Clause(Atom(sbt.plugins.SbtPlugin),Set(Atom(sbt.ScriptedPlugin))), Clause(Atom(sbt.plugins.SemanticdbPlugin),Set(Atom(sbt.plugins.JvmPlugin))), Clause(Atom(sbt.plugins.JUnitXmlReportPlugin),Set(Atom(sbt.plugins.JvmPlugin))), Clause(Atom(sbt.plugins.MiniDependencyTreePlugin),Set(Atom(sbt.plugins.JvmPlugin))), Clause(Atom(sbt.plugins.CorePlugin),Set(Atom(sbt.plugins.IvyPlugin))), Clause(Atom(sbt.plugins.IvyPlugin),Set(Atom(sbt.plugins.JvmPlugin))), Clause(Atom(sbt.plugins.JvmPlugin),Set(Atom(sbt.plugins.SemanticdbPlugin))), Clause(Atom(sbt.plugins.JvmPlugin),Set(Atom(sbt.plugins.JUnitXmlReportPlugin))), Clause(Atom(sbt.plugins.CorePlugin),Set(Atom(sbt.plugins.Giter8TemplatePlugin))), Clause(Atom(sbt.plugins.JvmPlugin),Set(Atom(sbt.plugins.MiniDependencyTreePlugin)))))
[debug]   :: deduced result: Matched(sbt.plugins.CorePlugin,sbt.plugins.Giter8TemplatePlugin,sbt.plugins.IvyPlugin,sbt.plugins.JvmPlugin,sbt.plugins.MiniDependencyTreePlugin,sbt.plugins.JUnitXmlReportPlugin,sbt.plugins.SemanticdbPlugin)
[debug] Plugins.deducer#function took 1.4682 ms
[info] loading settings for project varys_framework from build.sbt ...
[debug]         Load.resolveProject(varys_framework) took 2.380501ms
[debug]       Load.loadTransitive: finalizeProject(Project(id varys_framework, base: I:\workspace\scala\varys\varys_framework, plugins: List(<none>))) took 4.257599ms
[debug] [Loading] Done in I:\workspace\scala\varys\varys_framework, returning: (varys_framework)
[debug]     Load.loadUnit: loadedProjectsRaw took 1723.949801ms
[debug]     Load.loadUnit: cleanEvalClasses took 21.4456ms
[debug]   Load.loadUnit(file:/I:/workspace/scala/varys/varys_framework/, ...) took 5041.2068ms
[debug] Load.apply: load took 5057.7431ms
[debug] Load.apply: resolveProjects took 0.0768ms
[debug] Load.apply: finalTransforms took 7.646999ms
[debug] Load.apply: config.delegates took 0.3489ms
[debug] Load.apply: Def.make(settings)... took 63.717901ms
[debug] Load.apply: structureIndex took 26.303ms
[debug] Load.apply: mkStreams took 0.0038ms
[info] set current project to varys_framework (in build file:/I:/workspace/scala/varys/varys_framework/)
[debug] > Exec(sbtPopOnFailure, None, None)
[debug] > Exec(resumeFromFailure, None, None)
[debug] > Exec(notifyUsersAboutShell, None, None)
[debug] > Exec(iflast shell, None, None)
[debug] > Exec(shell, None, None)
[info] sbt server started at local:sbt-server-690929d7d6b075a97161
[info] started sbt server
